<?xml version="1.0" encoding="UTF-8"?>
<!-- Generated by org.testng.reporters.JUnitXMLReporter -->
<testsuite ignored="0" hostname="DESKTOP-RPD9OM4" failures="0" tests="9" name="Test" time="10.388" errors="0" timestamp="2025-09-04T11:45:59 IST">
  <testcase classname="testcases.substore_testcase" name="verifySubstoreCounterSubModule" time="2.368"/>
  <testcase classname="testcases.substore_testcase" name="verifySubstoreSubModules" time="0.134"/>
  <testcase classname="testcases.substore_testcase" name="verifySubstoreModule" time="0.301"/>
  <testcase classname="testcases.substore_testcase" name="verifySubstoreSubModule" time="0.187"/>
  <testcase classname="testcases.substore_testcase" name="verifyAllSubstoreModulesAreDisplayedInSublist" time="0.1"/>
  <testcase classname="testcases.substore_testcase" name="verifyNavigationBetweenSubmodules" time="0.61"/>
  <testcase classname="testcases.substore_testcase" name="takingScreenshotOfCurrentPage" time="0.004"/>
  <testcase classname="testcases.substore_testcase" name="verifyInventoryRequisitionSection" time="0.003"/>
  <testcase classname="testcases.substore_testcase" name="verifyCreateRequisitionButton" time="0.062"/>
</testsuite> <!-- Test -->
